d:\codes\realtimerendering\realtimerendering_basecode\realtimerendering\x64\release\vc143.pdb
d:\codes\realtimerendering\realtimerendering_basecode\realtimerendering\x64\release\vc143.idb
d:\codes\realtimerendering\realtimerendering_basecode\realtimerendering\x64\release\camera.obj
d:\codes\realtimerendering\realtimerendering_basecode\realtimerendering\x64\release\main.obj
d:\codes\realtimerendering\realtimerendering_basecode\realtimerendering\x64\release\material.obj
d:\codes\realtimerendering\realtimerendering_basecode\realtimerendering\x64\release\matrix.obj
d:\codes\realtimerendering\realtimerendering_basecode\realtimerendering\x64\release\mesh.obj
d:\codes\realtimerendering\realtimerendering_basecode\realtimerendering\x64\release\object.obj
d:\codes\realtimerendering\realtimerendering_basecode\realtimerendering\x64\release\graphics.obj
d:\codes\realtimerendering\realtimerendering_basecode\realtimerendering\x64\release\renderer.obj
d:\codes\realtimerendering\realtimerendering_basecode\realtimerendering\x64\release\scene.obj
d:\codes\realtimerendering\realtimerendering_basecode\realtimerendering\x64\release\settings.obj
d:\codes\realtimerendering\realtimerendering_basecode\realtimerendering\x64\release\shader.obj
d:\codes\realtimerendering\realtimerendering_basecode\realtimerendering\x64\release\tools.obj
d:\codes\realtimerendering\realtimerendering_basecode\realtimerendering\x64\release\timer.obj
d:\codes\realtimerendering\realtimerendering_basecode\realtimerendering\x64\release\vector.obj
d:\codes\realtimerendering\realtimerendering_basecode\realtimerendering\x64\release\window.obj
d:\codes\realtimerendering\realtimerendering_basecode\bin\realtimerendering.exe
d:\codes\realtimerendering\realtimerendering_basecode\realtimerendering\x64\release\realtimerendering.ipdb
d:\codes\realtimerendering\realtimerendering_basecode\bin\realtimerendering.pdb
d:\codes\realtimerendering\realtimerendering_basecode\realtimerendering\x64\release\realtimerendering.iobj
d:\codes\realtimerendering\realtimerendering_basecode\realtimerendering\x64\release\realtime.d54c3bfb.tlog\cl.command.1.tlog
d:\codes\realtimerendering\realtimerendering_basecode\realtimerendering\x64\release\realtime.d54c3bfb.tlog\cl.read.1.tlog
d:\codes\realtimerendering\realtimerendering_basecode\realtimerendering\x64\release\realtime.d54c3bfb.tlog\cl.write.1.tlog
d:\codes\realtimerendering\realtimerendering_basecode\realtimerendering\x64\release\realtime.d54c3bfb.tlog\link.command.1.tlog
d:\codes\realtimerendering\realtimerendering_basecode\realtimerendering\x64\release\realtime.d54c3bfb.tlog\link.read.1.tlog
d:\codes\realtimerendering\realtimerendering_basecode\realtimerendering\x64\release\realtime.d54c3bfb.tlog\link.write.1.tlog
